2022-07-09 22:31:58,898 - XXBTZUSD - INFO - ------------------------- New case --------------------------------
2022-07-09 22:31:58,899 - XXBTZUSD - INFO - BTC -0.1 USD -0.1
2022-07-09 22:31:58,899 - XXBTZUSD - INFO - buys [[-0.05040322580645162, 21711.9, '1657405918899', 'buy'], [-0.030120481927710843, 21711.9, '1657405918899', 'buy'], [-0.020040080160320644, 21711.9, '1657405918899', 'buy']]
2022-07-09 22:31:58,899 - XXBTZUSD - INFO - txid1 = -1
2022-07-09 22:31:58,899 - XXBTZUSD - INFO - Not enough funds to buy XXBTZUSD or trade vol too small; canceling -1
2022-07-09 22:31:58,899 - XXBTZUSD - INFO - txid1 = -1
2022-07-09 22:31:58,899 - XXBTZUSD - INFO - Not enough funds to buy XXBTZUSD or trade vol too small; canceling -1
2022-07-09 22:31:58,899 - XXBTZUSD - INFO - txid1 = -1
2022-07-09 22:31:58,899 - XXBTZUSD - INFO - Not enough funds to buy XXBTZUSD or trade vol too small; canceling -1
2022-07-09 22:42:51,217 - XXBTZUSD - INFO - ------------------------- New case --------------------------------
2022-07-09 22:42:51,218 - XXBTZUSD - INFO - BTC -0.1 USD -0.1
2022-07-09 22:42:51,218 - XXBTZUSD - INFO - buys [[2.3055286577212155e-05, 21687.0, '1657406571218', 'buy'], [1.3833171946327293e-05, 21687.0, '1657406571218', 'buy'], [9.222114630884863e-06, 21687.0, '1657406571218', 'buy']]
2022-07-09 22:42:51,218 - XXBTZUSD - INFO - txid1 = -1
2022-07-09 22:42:51,218 - XXBTZUSD - INFO - Not enough funds to buy XXBTZUSD or trade vol too small; canceling -1
2022-07-09 22:42:51,218 - XXBTZUSD - INFO - txid1 = -1
2022-07-09 22:42:51,218 - XXBTZUSD - INFO - Not enough funds to buy XXBTZUSD or trade vol too small; canceling -1
2022-07-09 22:42:51,218 - XXBTZUSD - INFO - txid1 = -1
2022-07-09 22:42:51,218 - XXBTZUSD - INFO - Not enough funds to buy XXBTZUSD or trade vol too small; canceling -1
2022-07-09 22:54:55,016 - XXBTZUSD - INFO - ------------------------- New case --------------------------------
2022-07-09 22:54:55,016 - XXBTZUSD - INFO - BTC -0.1 USD -0.1
2022-07-09 22:54:55,017 - XXBTZUSD - INFO - buys [[2.3150506070062694e-05, 21597.8, '1657407295017', 'buy'], [1.3890303642037614e-05, 21597.8, '1657407295017', 'buy'], [9.260202428025078e-06, 21597.8, '1657407295017', 'buy']]
2022-07-09 22:54:55,017 - XXBTZUSD - INFO - txid1 = -1
2022-07-09 22:54:55,017 - XXBTZUSD - INFO - Not enough funds to buy XXBTZUSD or trade vol too small; canceling -1
2022-07-09 22:54:55,017 - XXBTZUSD - INFO - txid1 = -1
2022-07-09 22:54:55,017 - XXBTZUSD - INFO - Not enough funds to buy XXBTZUSD or trade vol too small; canceling -1
2022-07-09 22:54:55,017 - XXBTZUSD - INFO - txid1 = -1
2022-07-09 22:54:55,017 - XXBTZUSD - INFO - Not enough funds to buy XXBTZUSD or trade vol too small; canceling -1
