2022-07-08 18:30:33,663 - XXBTZUSD - INFO - ------------------------- New case --------------------------------
2022-07-08 18:30:33,663 - XXBTZUSD - INFO - BTC -0.1 USD -0.1
2022-07-08 18:30:33,664 - XXBTZUSD - INFO - sells []
2022-07-08 18:30:33,664 - XXBTZUSD - INFO - buys [[-0.05040322580645162, 0.992, 201, 'buy'], [-0.030120481927710843, 0.996, 202, 'buy'], [-0.020040080160320644, 0.998, 203, 'buy']]
2022-07-08 18:30:33,664 - XXBTZUSD - INFO - txid1 = -1
2022-07-08 18:30:33,664 - XXBTZUSD - INFO - Not enough funds to buy XXBTZUSD or trade vol too small; canceling -1
2022-07-08 18:30:33,664 - XXBTZUSD - INFO - txid1 = -1
2022-07-08 18:30:33,664 - XXBTZUSD - INFO - Not enough funds to buy XXBTZUSD or trade vol too small; canceling -1
2022-07-08 18:30:33,664 - XXBTZUSD - INFO - txid1 = -1
2022-07-08 18:30:33,664 - XXBTZUSD - INFO - Not enough funds to buy XXBTZUSD or trade vol too small; canceling -1
2022-07-08 18:50:37,586 - XXBTZUSD - INFO - ------------------------- New case --------------------------------
2022-07-08 18:50:37,587 - XXBTZUSD - INFO - BTC -0.1 USD -0.1
2022-07-08 18:50:37,588 - XXBTZUSD - INFO - sells []
2022-07-08 18:50:37,588 - XXBTZUSD - INFO - buys [[-0.05040322580645162, 0.992, 201, 'buy'], [-0.030120481927710843, 0.996, 202, 'buy'], [-0.020040080160320644, 0.998, 203, 'buy']]
2022-07-08 18:50:37,588 - XXBTZUSD - INFO - txid1 = -1
2022-07-08 18:50:37,588 - XXBTZUSD - INFO - Not enough funds to buy XXBTZUSD or trade vol too small; canceling -1
2022-07-08 18:50:37,588 - XXBTZUSD - INFO - txid1 = -1
2022-07-08 18:50:37,588 - XXBTZUSD - INFO - Not enough funds to buy XXBTZUSD or trade vol too small; canceling -1
2022-07-08 18:50:37,588 - XXBTZUSD - INFO - txid1 = -1
2022-07-08 18:50:37,588 - XXBTZUSD - INFO - Not enough funds to buy XXBTZUSD or trade vol too small; canceling -1
