2022-07-08 17:30:54,981 - USDTZUSD - INFO - ------------------------- New case --------------------------------
2022-07-08 17:30:54,982 - USDTZUSD - INFO - USDT -0.0999579 ZUSD -0.094
2022-07-08 17:30:54,982 - USDTZUSD - INFO - sells [[-0.04997895, 1.008, 101, 'sell'], [-0.04997895, 1.002, 102, 'sell']]
2022-07-08 17:30:54,982 - USDTZUSD - INFO - buys [[-0.047379032258064516, 0.992, 201, 'buy'], [-0.028313253012048192, 0.996, 202, 'buy'], [-0.018837675350701404, 0.998, 203, 'buy']]
2022-07-08 17:30:54,982 - USDTZUSD - INFO - txid1 = -1
2022-07-08 17:31:55,462 - USDTZUSD - INFO - ------------------------- New case --------------------------------
2022-07-08 17:31:55,462 - USDTZUSD - INFO - USDT -0.0999579 ZUSD -0.094
2022-07-08 17:31:55,462 - USDTZUSD - INFO - sells [[-0.04997895, 1.008, 101, 'sell'], [-0.04997895, 1.002, 102, 'sell']]
2022-07-08 17:31:55,462 - USDTZUSD - INFO - buys [[-0.047379032258064516, 0.992, 201, 'buy'], [-0.028313253012048192, 0.996, 202, 'buy'], [-0.018837675350701404, 0.998, 203, 'buy']]
2022-07-08 17:31:55,462 - USDTZUSD - INFO - txid1 = -1
2022-07-08 17:32:22,945 - USDTZUSD - INFO - ------------------------- New case --------------------------------
2022-07-08 17:32:22,945 - USDTZUSD - INFO - USDT -0.0999579 ZUSD -0.094
2022-07-08 17:32:22,945 - USDTZUSD - INFO - sells [[-0.04997895, 1.008, 101, 'sell'], [-0.04997895, 1.002, 102, 'sell']]
2022-07-08 17:32:22,946 - USDTZUSD - INFO - buys [[-0.047379032258064516, 0.992, 201, 'buy'], [-0.028313253012048192, 0.996, 202, 'buy'], [-0.018837675350701404, 0.998, 203, 'buy']]
2022-07-08 17:32:22,946 - USDTZUSD - INFO - txid1 = -1
2022-07-08 17:34:27,833 - USDTZUSD - INFO - ------------------------- New case --------------------------------
2022-07-08 17:34:27,833 - USDTZUSD - INFO - USDT -0.0999579 ZUSD -0.094
2022-07-08 17:34:27,833 - USDTZUSD - INFO - sells [[-0.04997895, 1.008, 101, 'sell'], [-0.04997895, 1.002, 102, 'sell']]
2022-07-08 17:34:27,833 - USDTZUSD - INFO - buys [[-0.047379032258064516, 0.992, 201, 'buy'], [-0.028313253012048192, 0.996, 202, 'buy'], [-0.018837675350701404, 0.998, 203, 'buy']]
2022-07-08 17:34:27,833 - USDTZUSD - INFO - txid1 = -1
2022-07-08 17:34:27,833 - USDTZUSD - INFO - Not enough funds to sell USDTUSD or trade vol too small; canceling -1
2022-07-08 17:34:27,834 - USDTZUSD - INFO - txid1 = -1
2022-07-08 17:34:27,834 - USDTZUSD - INFO - Not enough funds to sell USDTUSD or trade vol too small; canceling -1
2022-07-08 17:34:27,834 - USDTZUSD - INFO - txid1 = -1
2022-07-08 17:34:27,834 - USDTZUSD - INFO - Not enough funds to buy USDTUSD or trade vol too small; canceling -1
2022-07-08 17:34:27,834 - USDTZUSD - INFO - txid1 = -1
2022-07-08 17:34:27,834 - USDTZUSD - INFO - Not enough funds to buy USDTUSD or trade vol too small; canceling -1
2022-07-08 17:34:27,834 - USDTZUSD - INFO - txid1 = -1
2022-07-08 17:34:27,834 - USDTZUSD - INFO - Not enough funds to buy USDTUSD or trade vol too small; canceling -1
2022-07-08 17:35:30,862 - USDTZUSD - INFO - ------------------------- New case --------------------------------
2022-07-08 17:35:30,862 - USDTZUSD - INFO - USDT -0.0999579 ZUSD -0.094
2022-07-08 17:35:30,862 - USDTZUSD - INFO - sells [[-0.04997895, 1.008, 101, 'sell'], [-0.04997895, 1.002, 102, 'sell']]
2022-07-08 17:35:30,862 - USDTZUSD - INFO - buys [[-0.047379032258064516, 0.992, 201, 'buy'], [-0.028313253012048192, 0.996, 202, 'buy'], [-0.018837675350701404, 0.998, 203, 'buy']]
2022-07-08 17:35:30,862 - USDTZUSD - INFO - txid1 = -1
2022-07-08 17:35:30,862 - USDTZUSD - INFO - Not enough funds to sell USDTUSD or trade vol too small; canceling -1
2022-07-08 17:35:30,862 - USDTZUSD - INFO - txid1 = -1
2022-07-08 17:35:30,862 - USDTZUSD - INFO - Not enough funds to sell USDTUSD or trade vol too small; canceling -1
2022-07-08 17:35:30,862 - USDTZUSD - INFO - txid1 = -1
2022-07-08 17:35:30,863 - USDTZUSD - INFO - Not enough funds to buy USDTUSD or trade vol too small; canceling -1
2022-07-08 17:35:30,863 - USDTZUSD - INFO - txid1 = -1
2022-07-08 17:35:30,863 - USDTZUSD - INFO - Not enough funds to buy USDTUSD or trade vol too small; canceling -1
2022-07-08 17:35:30,863 - USDTZUSD - INFO - txid1 = -1
2022-07-08 17:35:30,863 - USDTZUSD - INFO - Not enough funds to buy USDTUSD or trade vol too small; canceling -1
2022-07-08 17:43:51,596 - USDTZUSD - INFO - ------------------------- New case --------------------------------
2022-07-08 17:43:51,596 - USDTZUSD - INFO - USDT -0.0999579 ZUSD -0.094
2022-07-08 17:43:51,596 - USDTZUSD - INFO - sells [[-0.04997895, 1.008, 101, 'sell'], [-0.04997895, 1.002, 102, 'sell']]
2022-07-08 17:43:51,596 - USDTZUSD - INFO - buys [[-0.047379032258064516, 0.992, 201, 'buy'], [-0.028313253012048192, 0.996, 202, 'buy'], [-0.018837675350701404, 0.998, 203, 'buy']]
2022-07-08 17:43:51,596 - USDTZUSD - INFO - txid1 = -1
2022-07-08 17:43:51,596 - USDTZUSD - INFO - Not enough funds to sell USDTUSD or trade vol too small; canceling -1
2022-07-08 17:43:51,597 - USDTZUSD - INFO - txid1 = -1
2022-07-08 17:43:51,597 - USDTZUSD - INFO - Not enough funds to sell USDTUSD or trade vol too small; canceling -1
2022-07-08 17:43:51,597 - USDTZUSD - INFO - txid1 = -1
2022-07-08 17:43:51,597 - USDTZUSD - INFO - Not enough funds to buy USDTUSD or trade vol too small; canceling -1
2022-07-08 17:43:51,597 - USDTZUSD - INFO - txid1 = -1
2022-07-08 17:43:51,597 - USDTZUSD - INFO - Not enough funds to buy USDTUSD or trade vol too small; canceling -1
2022-07-08 17:43:51,597 - USDTZUSD - INFO - txid1 = -1
2022-07-08 17:43:51,597 - USDTZUSD - INFO - Not enough funds to buy USDTUSD or trade vol too small; canceling -1
2022-07-08 17:57:27,530 - USDTZUSD - INFO - ------------------------- New case --------------------------------
2022-07-08 17:57:27,532 - USDTZUSD - INFO - USDT -0.0999579 ZUSD -0.094
2022-07-08 17:57:27,532 - USDTZUSD - INFO - sells []
2022-07-08 17:57:27,532 - USDTZUSD - INFO - buys [[-0.047379032258064516, 0.992, 201, 'buy'], [-0.028313253012048192, 0.996, 202, 'buy'], [-0.018837675350701404, 0.998, 203, 'buy']]
2022-07-08 17:57:27,532 - USDTZUSD - INFO - txid1 = -1
2022-07-08 17:57:27,532 - USDTZUSD - INFO - Not enough funds to buy USDTUSD or trade vol too small; canceling -1
2022-07-08 17:57:27,532 - USDTZUSD - INFO - txid1 = -1
2022-07-08 17:57:27,532 - USDTZUSD - INFO - Not enough funds to buy USDTUSD or trade vol too small; canceling -1
2022-07-08 17:57:27,532 - USDTZUSD - INFO - txid1 = -1
2022-07-08 17:57:27,532 - USDTZUSD - INFO - Not enough funds to buy USDTUSD or trade vol too small; canceling -1
