2022-07-08 18:07:38,135 - USDTZUSD - INFO - ------------------------- New case --------------------------------
2022-07-08 18:07:38,135 - USDTZUSD - INFO - USDT -0.0999579 ZUSD -0.094
2022-07-08 18:07:38,135 - USDTZUSD - INFO - sells []
2022-07-08 18:07:38,135 - USDTZUSD - INFO - buys [[-0.047379032258064516, 0.992, 201, 'buy'], [-0.028313253012048192, 0.996, 202, 'buy'], [-0.018837675350701404, 0.998, 203, 'buy']]
2022-07-08 18:07:38,135 - USDTZUSD - INFO - txid1 = -1
2022-07-08 18:07:38,135 - USDTZUSD - INFO - Not enough funds to buy USDTUSD or trade vol too small; canceling -1
2022-07-08 18:07:38,135 - USDTZUSD - INFO - txid1 = -1
2022-07-08 18:07:38,135 - USDTZUSD - INFO - Not enough funds to buy USDTUSD or trade vol too small; canceling -1
2022-07-08 18:07:38,136 - USDTZUSD - INFO - txid1 = -1
2022-07-08 18:07:38,136 - USDTZUSD - INFO - Not enough funds to buy USDTUSD or trade vol too small; canceling -1
2022-07-08 18:08:29,368 - USDTZUSD - INFO - ------------------------- New case --------------------------------
2022-07-08 18:08:29,368 - USDTZUSD - INFO - USDT -0.0999579 ZUSD -0.094
2022-07-08 18:08:29,368 - USDTZUSD - INFO - sells []
2022-07-08 18:08:29,369 - USDTZUSD - INFO - buys [[-0.047379032258064516, 0.992, 201, 'buy'], [-0.028313253012048192, 0.996, 202, 'buy'], [-0.018837675350701404, 0.998, 203, 'buy']]
2022-07-08 18:08:29,369 - USDTZUSD - INFO - txid1 = -1
2022-07-08 18:08:29,369 - USDTZUSD - INFO - Not enough funds to buy USDTUSD or trade vol too small; canceling -1
2022-07-08 18:08:29,369 - USDTZUSD - INFO - txid1 = -1
2022-07-08 18:08:29,369 - USDTZUSD - INFO - Not enough funds to buy USDTUSD or trade vol too small; canceling -1
2022-07-08 18:08:29,369 - USDTZUSD - INFO - txid1 = -1
2022-07-08 18:08:29,369 - USDTZUSD - INFO - Not enough funds to buy USDTUSD or trade vol too small; canceling -1
2022-07-08 18:09:48,477 - USDTZUSD - INFO - ------------------------- New case --------------------------------
2022-07-08 18:09:48,478 - USDTZUSD - INFO - USDT -0.0999579 ZUSD -0.094
2022-07-08 18:09:48,479 - USDTZUSD - INFO - sells []
2022-07-08 18:09:48,479 - USDTZUSD - INFO - buys [[-0.047379032258064516, 0.992, 201, 'buy'], [-0.028313253012048192, 0.996, 202, 'buy'], [-0.018837675350701404, 0.998, 203, 'buy']]
2022-07-08 18:09:48,479 - USDTZUSD - INFO - txid1 = -1
2022-07-08 18:09:48,479 - USDTZUSD - INFO - Not enough funds to buy USDTUSD or trade vol too small; canceling -1
2022-07-08 18:09:48,479 - USDTZUSD - INFO - txid1 = -1
2022-07-08 18:09:48,479 - USDTZUSD - INFO - Not enough funds to buy USDTUSD or trade vol too small; canceling -1
2022-07-08 18:09:48,479 - USDTZUSD - INFO - txid1 = -1
2022-07-08 18:09:48,479 - USDTZUSD - INFO - Not enough funds to buy USDTUSD or trade vol too small; canceling -1
2022-07-08 18:11:07,011 - USDTZUSD - INFO - ------------------------- New case --------------------------------
2022-07-08 18:11:07,012 - USDTZUSD - INFO - USDT -0.0999579 ZUSD -0.094
2022-07-08 18:11:07,012 - USDTZUSD - INFO - sells []
2022-07-08 18:11:07,012 - USDTZUSD - INFO - buys [[-0.047379032258064516, 0.992, 201, 'buy'], [-0.028313253012048192, 0.996, 202, 'buy'], [-0.018837675350701404, 0.998, 203, 'buy']]
2022-07-08 18:11:07,012 - USDTZUSD - INFO - txid1 = -1
2022-07-08 18:11:07,012 - USDTZUSD - INFO - Not enough funds to buy USDTUSD or trade vol too small; canceling -1
2022-07-08 18:11:07,012 - USDTZUSD - INFO - txid1 = -1
2022-07-08 18:11:07,013 - USDTZUSD - INFO - Not enough funds to buy USDTUSD or trade vol too small; canceling -1
2022-07-08 18:11:07,013 - USDTZUSD - INFO - txid1 = -1
2022-07-08 18:11:07,013 - USDTZUSD - INFO - Not enough funds to buy USDTUSD or trade vol too small; canceling -1
2022-07-08 18:11:46,264 - USDTZUSD - INFO - ------------------------- New case --------------------------------
2022-07-08 18:11:46,264 - USDTZUSD - INFO - USDT -0.0999579 ZUSD -0.094
2022-07-08 18:11:46,264 - USDTZUSD - INFO - sells []
2022-07-08 18:11:46,264 - USDTZUSD - INFO - buys [[-0.047379032258064516, 0.992, 201, 'buy'], [-0.028313253012048192, 0.996, 202, 'buy'], [-0.018837675350701404, 0.998, 203, 'buy']]
2022-07-08 18:11:46,264 - USDTZUSD - INFO - txid1 = -1
2022-07-08 18:11:46,265 - USDTZUSD - INFO - Not enough funds to buy USDTUSD or trade vol too small; canceling -1
2022-07-08 18:11:46,265 - USDTZUSD - INFO - txid1 = -1
2022-07-08 18:11:46,265 - USDTZUSD - INFO - Not enough funds to buy USDTUSD or trade vol too small; canceling -1
2022-07-08 18:11:46,265 - USDTZUSD - INFO - txid1 = -1
2022-07-08 18:11:46,265 - USDTZUSD - INFO - Not enough funds to buy USDTUSD or trade vol too small; canceling -1
2022-07-08 18:12:18,100 - USDTZUSD - INFO - ------------------------- New case --------------------------------
2022-07-08 18:12:18,101 - USDTZUSD - INFO - USDT -0.0999579 ZUSD -0.094
2022-07-08 18:12:18,101 - USDTZUSD - INFO - sells []
2022-07-08 18:12:18,101 - USDTZUSD - INFO - buys [[-0.047379032258064516, 0.992, 201, 'buy'], [-0.028313253012048192, 0.996, 202, 'buy'], [-0.018837675350701404, 0.998, 203, 'buy']]
2022-07-08 18:12:18,101 - USDTZUSD - INFO - txid1 = -1
2022-07-08 18:12:18,101 - USDTZUSD - INFO - Not enough funds to buy USDTUSD or trade vol too small; canceling -1
2022-07-08 18:12:18,101 - USDTZUSD - INFO - txid1 = -1
2022-07-08 18:12:18,101 - USDTZUSD - INFO - Not enough funds to buy USDTUSD or trade vol too small; canceling -1
2022-07-08 18:12:18,102 - USDTZUSD - INFO - txid1 = -1
2022-07-08 18:12:18,102 - USDTZUSD - INFO - Not enough funds to buy USDTUSD or trade vol too small; canceling -1
2022-07-08 18:13:06,009 - USDTZUSD - INFO - ------------------------- New case --------------------------------
2022-07-08 18:13:06,010 - USDTZUSD - INFO - USDT -0.0999579 ZUSD -0.094
2022-07-08 18:13:06,010 - USDTZUSD - INFO - sells []
2022-07-08 18:13:06,010 - USDTZUSD - INFO - buys [[-0.047379032258064516, 0.992, 201, 'buy'], [-0.028313253012048192, 0.996, 202, 'buy'], [-0.018837675350701404, 0.998, 203, 'buy']]
2022-07-08 18:13:06,010 - USDTZUSD - INFO - txid1 = -1
2022-07-08 18:13:06,010 - USDTZUSD - INFO - Not enough funds to buy USDTUSD or trade vol too small; canceling -1
2022-07-08 18:13:06,010 - USDTZUSD - INFO - txid1 = -1
2022-07-08 18:13:06,010 - USDTZUSD - INFO - Not enough funds to buy USDTUSD or trade vol too small; canceling -1
2022-07-08 18:13:06,010 - USDTZUSD - INFO - txid1 = -1
2022-07-08 18:13:06,010 - USDTZUSD - INFO - Not enough funds to buy USDTUSD or trade vol too small; canceling -1
2022-07-08 18:14:31,575 - USDTZUSD - INFO - ------------------------- New case --------------------------------
2022-07-08 18:14:31,575 - USDTZUSD - INFO - USDT -0.0999579 ZUSD -0.094
2022-07-08 18:14:31,575 - USDTZUSD - INFO - sells []
2022-07-08 18:14:31,575 - USDTZUSD - INFO - buys [[-0.047379032258064516, 0.992, 201, 'buy'], [-0.028313253012048192, 0.996, 202, 'buy'], [-0.018837675350701404, 0.998, 203, 'buy']]
2022-07-08 18:14:31,575 - USDTZUSD - INFO - txid1 = -1
2022-07-08 18:14:31,575 - USDTZUSD - INFO - Not enough funds to buy USDTUSD or trade vol too small; canceling -1
2022-07-08 18:14:31,575 - USDTZUSD - INFO - txid1 = -1
2022-07-08 18:14:31,575 - USDTZUSD - INFO - Not enough funds to buy USDTUSD or trade vol too small; canceling -1
2022-07-08 18:14:31,575 - USDTZUSD - INFO - txid1 = -1
2022-07-08 18:14:31,575 - USDTZUSD - INFO - Not enough funds to buy USDTUSD or trade vol too small; canceling -1
2022-07-08 18:15:31,980 - USDTZUSD - INFO - ------------------------- New case --------------------------------
2022-07-08 18:15:31,981 - USDTZUSD - INFO - USDT -0.0999579 ZUSD -0.094
2022-07-08 18:15:31,982 - USDTZUSD - INFO - sells []
2022-07-08 18:15:31,982 - USDTZUSD - INFO - buys [[-0.047379032258064516, 0.992, 201, 'buy'], [-0.028313253012048192, 0.996, 202, 'buy'], [-0.018837675350701404, 0.998, 203, 'buy']]
2022-07-08 18:15:31,982 - USDTZUSD - INFO - txid1 = -1
2022-07-08 18:15:31,982 - USDTZUSD - INFO - Not enough funds to buy USDTUSD or trade vol too small; canceling -1
2022-07-08 18:15:31,982 - USDTZUSD - INFO - txid1 = -1
2022-07-08 18:15:31,982 - USDTZUSD - INFO - Not enough funds to buy USDTUSD or trade vol too small; canceling -1
2022-07-08 18:15:31,982 - USDTZUSD - INFO - txid1 = -1
2022-07-08 18:15:31,982 - USDTZUSD - INFO - Not enough funds to buy USDTUSD or trade vol too small; canceling -1
