2022-07-11 12:43:55,413 - XXBTZUSD - INFO - ------------------------- New case --------------------------------
2022-07-11 12:43:55,589 - XXBTZUSD - INFO - ask 20557.0, bid 20556.9
2022-07-11 12:43:56,588 - XXBTZUSD - INFO - ahr999 0.45: 22962.793698252855, ahr999 1.2: 37552.26129118444, ahr999x 0.45: 88627.83323454748
2022-07-11 12:43:56,588 - XXBTZUSD - INFO - buy Buy(order_size=0.0001, price=20557.0, userref=-87865561, direction_of_trade='buy')
2022-07-11 12:43:56,654 - XXBTZUSD - INFO - traded: {'error': ['EOrder:Insufficient funds']}
2022-07-11 12:43:56,654 - XXBTZUSD - WARNING - XXBTZUSD trading error {'error': ['EOrder:Insufficient funds']}
2022-07-11 12:49:02,117 - XXBTZUSD - INFO - ------------------------- New case --------------------------------
2022-07-11 12:49:02,269 - XXBTZUSD - INFO - ask 20540.1, bid 20540.0
2022-07-11 12:49:03,088 - XXBTZUSD - INFO - ahr999 0.45: 22962.793698252855, ahr999 1.2: 37552.26129118444, ahr999x 0.45: 88627.83323454748
2022-07-11 12:49:03,088 - XXBTZUSD - INFO - buy Buy(order_size=0.0001, price=20540.1, userref=-2136410616, direction_of_trade='buy')
2022-07-11 12:49:03,150 - XXBTZUSD - INFO - traded: {'error': ['EOrder:Insufficient funds']}
2022-07-11 12:49:03,150 - XXBTZUSD - WARNING - XXBTZUSD trading error {'error': ['EOrder:Insufficient funds']}
2022-07-11 12:51:32,065 - XXBTZUSD - INFO - ------------------------- New case --------------------------------
2022-07-11 12:51:32,248 - XXBTZUSD - INFO - ask 20553.3, bid 20552.8
2022-07-11 12:51:33,065 - XXBTZUSD - INFO - ahr999 0.45: 22962.793698252855, ahr999 1.2: 37552.26129118444, ahr999x 0.45: 88627.83323454748
2022-07-11 12:51:33,065 - XXBTZUSD - INFO - buy Buy(order_size=0.0001, price=20553.3, userref=-1895010747, direction_of_trade='buy')
2022-07-11 12:51:33,142 - XXBTZUSD - INFO - traded: {'error': ['EOrder:Insufficient funds']}
2022-07-11 12:51:33,142 - XXBTZUSD - WARNING - XXBTZUSD trading error {'error': ['EOrder:Insufficient funds']}
2022-07-11 12:51:33,142 - XXBTZUSD - INFO - sleep 19.38990566037736 minutes
2022-07-11 12:56:50,200 - XXBTZUSD - INFO - ------------------------- New case --------------------------------
2022-07-11 12:56:50,362 - XXBTZUSD - INFO - ask 20582.0, bid 20579.6
2022-07-11 12:56:51,103 - XXBTZUSD - INFO - ahr999 0.45: 22962.793698252855, ahr999 1.2: 37552.26129118444, ahr999x 0.45: 88627.83323454748
2022-07-11 12:56:51,104 - XXBTZUSD - INFO - buy Buy(order_size=0.0001, price=20582.0, userref=200099102, direction_of_trade='buy')
2022-07-11 12:56:51,176 - XXBTZUSD - INFO - traded: {'error': ['EOrder:Insufficient funds']}
2022-07-11 12:56:51,176 - XXBTZUSD - WARNING - XXBTZUSD trading error {'error': ['EOrder:Insufficient funds']}
2022-07-11 12:58:31,660 - XXBTZUSD - INFO - ------------------------- New case --------------------------------
2022-07-11 12:58:31,845 - XXBTZUSD - INFO - ask 20580.4, bid 20580.3
2022-07-11 12:58:32,758 - XXBTZUSD - INFO - ahr999 0.45: 22962.793698252855, ahr999 1.2: 37552.26129118444, ahr999x 0.45: 88627.83323454748
2022-07-11 12:58:32,758 - XXBTZUSD - INFO - buy Buy(order_size=0.0001, price=20580.4, userref=-1389831417, direction_of_trade='buy')
2022-07-11 12:58:32,822 - XXBTZUSD - INFO - traded: {'error': ['EOrder:Insufficient funds']}
2022-07-11 12:58:32,823 - XXBTZUSD - WARNING - XXBTZUSD trading error {'error': ['EOrder:Insufficient funds']}
