2022-07-10 23:04:27,794 - XXBTZUSD - INFO - ------------------------- New case --------------------------------
2022-07-10 23:04:27,795 - XXBTZUSD - INFO - ZUSD 0.0060
2022-07-10 23:04:27,795 - XXBTZUSD - INFO - ask 20769.7
2022-07-10 23:04:27,795 - XXBTZUSD - INFO - bid 20769.6
2022-07-10 23:04:28,846 - XXBTZUSD - INFO - ahr999 0.45: 23011.259771400346, ahr999 1.2: 37631.670057645075, ahr999x 0.45: 88815.56868942681
2022-07-10 23:04:28,846 - XXBTZUSD - INFO - buy Buy(order_size=0.0001, price=20769.7, userref='1657494268846', direction_of_trade='buy')
2022-07-10 23:04:28,847 - XXBTZUSD - INFO - Not enough funds to buy XXBTZUSD or trade vol too small
2022-07-10 23:41:57,920 - XXBTZUSD - INFO - ------------------------- New case --------------------------------
2022-07-10 23:41:57,920 - XXBTZUSD - INFO - ZUSD 0.0060
2022-07-10 23:41:57,921 - XXBTZUSD - INFO - ask 20820.3
2022-07-10 23:41:57,921 - XXBTZUSD - INFO - bid 20820.2
2022-07-10 23:41:58,830 - XXBTZUSD - INFO - ahr999 0.45: 23011.269226724617, ahr999 1.2: 37631.68549819226, ahr999x 0.45: 88815.6050832236
2022-07-10 23:41:58,830 - XXBTZUSD - INFO - buy Buy(order_size=0.0001, price=20820.3, userref='1657496518830', direction_of_trade='buy')
2022-07-10 23:41:58,830 - XXBTZUSD - INFO - Not enough funds to buy XXBTZUSD or trade vol too small
2022-07-10 23:47:39,909 - XXBTZUSD - INFO - ------------------------- New case --------------------------------
2022-07-10 23:47:39,910 - XXBTZUSD - INFO - ask 20846.7
2022-07-10 23:47:39,911 - XXBTZUSD - INFO - bid 20846.6
2022-07-10 23:47:40,567 - XXBTZUSD - INFO - ahr999 0.45: 23011.269226724617, ahr999 1.2: 37631.68549819226, ahr999x 0.45: 88815.6050832236
2022-07-10 23:47:40,568 - XXBTZUSD - INFO - buy Buy(order_size=0.0001, price=20846.7, userref='1657496860568', direction_of_trade='buy')
2022-07-10 23:48:24,678 - XXBTZUSD - INFO - ------------------------- New case --------------------------------
2022-07-10 23:48:24,678 - XXBTZUSD - INFO - ask 20846.6
2022-07-10 23:48:24,678 - XXBTZUSD - INFO - bid 20844.7
2022-07-10 23:48:25,776 - XXBTZUSD - INFO - ahr999 0.45: 23011.269226724617, ahr999 1.2: 37631.68549819226, ahr999x 0.45: 88815.6050832236
2022-07-10 23:48:25,777 - XXBTZUSD - INFO - buy Buy(order_size=0.0001, price=20846.6, userref='1657496905777', direction_of_trade='buy')
2022-07-10 23:48:25,833 - XXBTZUSD - INFO - traded: {'error': ['EGeneral:Invalid arguments:userref']}
2022-07-10 23:48:25,833 - XXBTZUSD - WARNING - XXBTZUSD trading error {'error': ['EGeneral:Invalid arguments:userref']}
2022-07-10 23:53:09,053 - XXBTZUSD - INFO - ------------------------- New case --------------------------------
2022-07-10 23:53:09,054 - XXBTZUSD - INFO - ask 20840.7
2022-07-10 23:53:09,054 - XXBTZUSD - INFO - bid 20838.6
2022-07-10 23:53:09,773 - XXBTZUSD - INFO - ahr999 0.45: 23011.269226724617, ahr999 1.2: 37631.68549819226, ahr999x 0.45: 88815.6050832236
2022-07-10 23:53:09,774 - XXBTZUSD - INFO - buy Buy(order_size=0.0001, price=20840.7, userref=1657497189774, direction_of_trade='buy')
2022-07-10 23:53:09,839 - XXBTZUSD - INFO - traded: {'error': ['EGeneral:Invalid arguments:userref']}
2022-07-10 23:53:09,839 - XXBTZUSD - WARNING - XXBTZUSD trading error {'error': ['EGeneral:Invalid arguments:userref']}
2022-07-10 23:54:16,186 - XXBTZUSD - INFO - ------------------------- New case --------------------------------
2022-07-10 23:54:16,186 - XXBTZUSD - INFO - ask 20849.6
2022-07-10 23:54:16,186 - XXBTZUSD - INFO - bid 20846.8
2022-07-10 23:54:17,258 - XXBTZUSD - INFO - ahr999 0.45: 23011.269226724617, ahr999 1.2: 37631.68549819226, ahr999x 0.45: 88815.6050832236
2022-07-10 23:54:17,259 - XXBTZUSD - INFO - buy Buy(order_size=0.0001, price=20849.6, userref=1657497257259, direction_of_trade='buy')
2022-07-10 23:54:17,318 - XXBTZUSD - INFO - traded: {'error': ['EGeneral:Invalid arguments:userref']}
2022-07-10 23:54:17,318 - XXBTZUSD - WARNING - XXBTZUSD trading error {'error': ['EGeneral:Invalid arguments:userref']}
