2022-07-11 13:00:24,697 - XXBTZUSD - INFO - ------------------------- New case --------------------------------
2022-07-11 13:00:24,855 - XXBTZUSD - INFO - ask 20576.1, bid 20575.4
2022-07-11 13:00:25,611 - XXBTZUSD - INFO - ahr999 0.45: 22962.793698252855, ahr999 1.2: 37552.26129118444, ahr999x 0.45: 88627.83323454748
2022-07-11 13:00:25,611 - XXBTZUSD - INFO - buy Buy(order_size=0.0001, price=20576.1, userref=-2009457384, direction_of_trade='buy')
2022-07-11 13:00:25,684 - XXBTZUSD - INFO - traded: {'error': ['EOrder:Insufficient funds']}
2022-07-11 13:00:25,684 - XXBTZUSD - WARNING - XXBTZUSD trading error {'error': ['EOrder:Insufficient funds']}
2022-07-11 13:02:37,099 - XXBTZUSD - INFO - ------------------------- New case --------------------------------
2022-07-11 13:02:37,240 - XXBTZUSD - INFO - ask 20586.1, bid 20584.0
2022-07-11 13:02:38,016 - XXBTZUSD - INFO - ahr999 0.45: 22962.793698252855, ahr999 1.2: 37552.26129118444, ahr999x 0.45: 88627.83323454748
2022-07-11 13:02:38,016 - XXBTZUSD - INFO - buy Buy(order_size=0.0001, price=20586.1, userref=1884839560, direction_of_trade='buy')
2022-07-11 13:02:38,085 - XXBTZUSD - INFO - traded: {'error': ['EOrder:Insufficient funds']}
2022-07-11 13:02:38,086 - XXBTZUSD - WARNING - XXBTZUSD trading error {'error': ['EOrder:Insufficient funds']}
2022-07-11 13:03:25,412 - XXBTZUSD - INFO - ------------------------- New case --------------------------------
2022-07-11 13:03:25,552 - XXBTZUSD - INFO - ask 20595.5, bid 20595.4
2022-07-11 13:03:26,319 - XXBTZUSD - INFO - ahr999 0.45: 22962.793698252855, ahr999 1.2: 37552.26129118444, ahr999x 0.45: 88627.83323454748
2022-07-11 13:03:26,319 - XXBTZUSD - INFO - buy Buy(order_size=0.0001, price=20595.5, userref=-1396252920, direction_of_trade='buy')
2022-07-11 13:03:26,383 - XXBTZUSD - INFO - traded: {'error': ['EOrder:Insufficient funds']}
2022-07-11 13:03:26,384 - XXBTZUSD - WARNING - XXBTZUSD trading error {'error': ['EOrder:Insufficient funds']}
2022-07-11 13:04:11,294 - XXBTZUSD - INFO - ------------------------- New case --------------------------------
2022-07-11 13:04:11,436 - XXBTZUSD - INFO - ask 20575.1, bid 20575.0
2022-07-11 13:04:12,217 - XXBTZUSD - INFO - ahr999 0.45: 22962.793698252855, ahr999 1.2: 37552.26129118444, ahr999x 0.45: 88627.83323454748
2022-07-11 13:04:12,217 - XXBTZUSD - INFO - buy Buy(order_size=0.0001, price=20575.1, userref=-852232168, direction_of_trade='buy')
2022-07-11 13:04:12,300 - XXBTZUSD - INFO - traded: {'error': ['EOrder:Insufficient funds']}
2022-07-11 13:04:12,300 - XXBTZUSD - WARNING - XXBTZUSD trading error {'error': ['EOrder:Insufficient funds']}
2022-07-11 13:05:30,729 - XXBTZUSD - INFO - ------------------------- New case --------------------------------
2022-07-11 13:05:30,939 - XXBTZUSD - INFO - ask 20575.1, bid 20575.0
2022-07-11 13:05:31,751 - XXBTZUSD - INFO - ahr999 0.45: 22962.793698252855, ahr999 1.2: 37552.26129118444, ahr999x 0.45: 88627.83323454748
2022-07-11 13:05:31,752 - XXBTZUSD - INFO - buy Buy(order_size=0.0001, price=20575.1, userref=1193982132, direction_of_trade='buy')
2022-07-11 13:05:31,842 - XXBTZUSD - INFO - traded: {'error': ['EOrder:Insufficient funds']}
2022-07-11 13:05:31,842 - XXBTZUSD - WARNING - XXBTZUSD trading error {'error': ['EOrder:Insufficient funds']}
2022-07-11 13:07:18,297 - XXBTZUSD - INFO - ------------------------- New case --------------------------------
2022-07-11 13:07:18,440 - XXBTZUSD - INFO - ask 20560.0, bid 20559.9
2022-07-11 13:07:19,238 - XXBTZUSD - INFO - ahr999 0.45: 22962.793698252855, ahr999 1.2: 37552.26129118444, ahr999x 0.45: 88627.83323454748
2022-07-11 13:07:19,239 - XXBTZUSD - INFO - buy Buy(order_size=0.0001, price=20560.0, userref=85734014, direction_of_trade='buy')
2022-07-11 13:07:19,304 - XXBTZUSD - INFO - traded: {'error': ['EOrder:Insufficient funds']}
2022-07-11 13:07:19,304 - XXBTZUSD - WARNING - XXBTZUSD trading error {'error': ['EOrder:Insufficient funds']}
2022-07-11 13:09:04,975 - XXBTZUSD - INFO - ------------------------- New case --------------------------------
2022-07-11 13:09:05,130 - XXBTZUSD - INFO - ask 20565.6, bid 20565.2
2022-07-11 13:09:05,922 - XXBTZUSD - INFO - ahr999 0.45: 22962.793698252855, ahr999 1.2: 37552.26129118444, ahr999x 0.45: 88627.83323454748
2022-07-11 13:09:05,922 - XXBTZUSD - INFO - buy Buy(order_size=0.0001, price=20565.6, userref=-1150809728, direction_of_trade='buy')
2022-07-11 13:09:06,000 - XXBTZUSD - INFO - traded: {'error': ['EOrder:Insufficient funds']}
2022-07-11 13:09:06,001 - XXBTZUSD - WARNING - XXBTZUSD trading error {'error': ['EOrder:Insufficient funds']}
2022-07-11 13:09:06,082 - XXBTZUSD - INFO - sleep 19.401509433962264 minutes
2022-07-11 13:09:31,753 - XXBTZUSD - INFO - ------------------------- New case --------------------------------
2022-07-11 13:09:31,888 - XXBTZUSD - INFO - ask 20565.7, bid 20565.6
2022-07-11 13:09:32,546 - XXBTZUSD - INFO - ahr999 0.45: 22962.793698252855, ahr999 1.2: 37552.26129118444, ahr999x 0.45: 88627.83323454748
2022-07-11 13:09:32,547 - XXBTZUSD - INFO - buy Buy(order_size=0.0001, price=20565.7, userref=1316358623, direction_of_trade='buy')
2022-07-11 13:09:32,624 - XXBTZUSD - INFO - traded: {'error': ['EOrder:Insufficient funds']}
2022-07-11 13:09:32,624 - XXBTZUSD - WARNING - XXBTZUSD trading error {'error': ['EOrder:Insufficient funds']}
2022-07-11 13:09:32,698 - XXBTZUSD - INFO - sleep 7111.840951698114 minutes
2022-07-11 13:09:52,281 - XXBTZUSD - INFO - ------------------------- New case --------------------------------
2022-07-11 13:09:52,436 - XXBTZUSD - INFO - ask 20565.7, bid 20565.6
2022-07-11 13:09:53,196 - XXBTZUSD - INFO - ahr999 0.45: 22962.793698252855, ahr999 1.2: 37552.26129118444, ahr999x 0.45: 88627.83323454748
2022-07-11 13:09:53,196 - XXBTZUSD - INFO - buy Buy(order_size=0.0001, price=20565.7, userref=-2029067988, direction_of_trade='buy')
2022-07-11 13:09:53,265 - XXBTZUSD - INFO - traded: {'error': ['EOrder:Insufficient funds']}
2022-07-11 13:09:53,266 - XXBTZUSD - WARNING - XXBTZUSD trading error {'error': ['EOrder:Insufficient funds']}
2022-07-11 13:09:53,333 - XXBTZUSD - INFO - sleep 7111.840951698114 minutes
2022-07-11 13:11:12,800 - XXBTZUSD - INFO - ------------------------- New case --------------------------------
2022-07-11 13:11:12,942 - XXBTZUSD - INFO - ask 20564.1, bid 20564.0
2022-07-11 13:11:13,775 - XXBTZUSD - INFO - ahr999 0.45: 22962.793698252855, ahr999 1.2: 37552.26129118444, ahr999x 0.45: 88627.83323454748
2022-07-11 13:11:13,775 - XXBTZUSD - INFO - buy Buy(order_size=0.0001, price=20564.1, userref=1644336334, direction_of_trade='buy')
2022-07-11 13:11:13,838 - XXBTZUSD - INFO - traded: {'error': ['EOrder:Insufficient funds']}
2022-07-11 13:11:13,838 - XXBTZUSD - WARNING - XXBTZUSD trading error {'error': ['EOrder:Insufficient funds']}
2022-07-11 13:11:13,838 - XXBTZUSD - INFO - sleep 19.40009433962264 minutes
2022-07-11 13:11:59,536 - XXBTZUSD - INFO - ------------------------- New case --------------------------------
2022-07-11 13:11:59,714 - XXBTZUSD - INFO - ask 20551.8, bid 20551.7
2022-07-11 13:12:00,936 - XXBTZUSD - INFO - ahr999 0.45: 22962.793698252855, ahr999 1.2: 37552.26129118444, ahr999x 0.45: 88627.83323454748
2022-07-11 13:12:00,937 - XXBTZUSD - INFO - buy Buy(order_size=0.0001, price=20551.8, userref=-242075374, direction_of_trade='buy')
2022-07-11 13:12:01,008 - XXBTZUSD - INFO - traded: {'error': ['EOrder:Insufficient funds']}
2022-07-11 13:12:01,009 - XXBTZUSD - WARNING - XXBTZUSD trading error {'error': ['EOrder:Insufficient funds']}
2022-07-11 13:12:25,842 - XXBTZUSD - INFO - ------------------------- New case --------------------------------
2022-07-11 13:12:25,985 - XXBTZUSD - INFO - ask 20550.7, bid 20550.6
2022-07-11 13:12:26,655 - XXBTZUSD - INFO - ahr999 0.45: 22962.793698252855, ahr999 1.2: 37552.26129118444, ahr999x 0.45: 88627.83323454748
2022-07-11 13:12:26,656 - XXBTZUSD - INFO - buy Buy(order_size=0.0001, price=20550.7, userref=1738034604, direction_of_trade='buy')
2022-07-11 13:12:26,722 - XXBTZUSD - INFO - traded: {'error': ['EOrder:Insufficient funds']}
2022-07-11 13:12:26,722 - XXBTZUSD - WARNING - XXBTZUSD trading error {'error': ['EOrder:Insufficient funds']}
2022-07-11 13:12:26,798 - XXBTZUSD - INFO - sleep 7111.840951698114 minutes
