2022-07-11 00:30:44,892 - XXBTZUSD - INFO - ------------------------- New case --------------------------------
2022-07-11 00:30:44,893 - XXBTZUSD - INFO - ask 20690.8
2022-07-11 00:30:44,893 - XXBTZUSD - INFO - bid 20690.7
2022-07-11 00:30:45,832 - XXBTZUSD - INFO - ahr999 0.45: 23011.248067482586, ahr999 1.2: 37631.650945144094, ahr999x 0.45: 88815.52364073337
2022-07-11 00:30:45,833 - XXBTZUSD - INFO - buy Buy(order_size=0.0001, price=20690.8, userref=1657499445833, direction_of_trade='buy')
2022-07-11 00:30:45,896 - XXBTZUSD - INFO - traded: {'error': ['EOrder:Insufficient funds']}
2022-07-11 00:30:45,896 - XXBTZUSD - WARNING - XXBTZUSD trading error {'error': ['EOrder:Insufficient funds']}
2022-07-11 00:35:46,837 - XXBTZUSD - INFO - ------------------------- New case --------------------------------
2022-07-11 00:35:46,837 - XXBTZUSD - INFO - ask 20706.8
2022-07-11 00:35:46,838 - XXBTZUSD - INFO - bid 20706.2
2022-07-11 00:35:47,525 - XXBTZUSD - INFO - ahr999 0.45: 23011.248067482586, ahr999 1.2: 37631.650945144094, ahr999x 0.45: 88815.52364073337
2022-07-11 00:35:47,525 - XXBTZUSD - INFO - buy Buy(order_size=0.0001, price=20706.8, userref=1274043475, direction_of_trade='buy')
2022-07-11 00:35:47,585 - XXBTZUSD - INFO - traded: {'error': ['EOrder:Insufficient funds']}
2022-07-11 00:35:47,586 - XXBTZUSD - WARNING - XXBTZUSD trading error {'error': ['EOrder:Insufficient funds']}
2022-07-11 00:37:49,948 - XXBTZUSD - INFO - ------------------------- New case --------------------------------
2022-07-11 00:37:49,949 - XXBTZUSD - INFO - ask 20719.2
2022-07-11 00:37:49,949 - XXBTZUSD - INFO - bid 20719.1
2022-07-11 00:37:50,758 - XXBTZUSD - INFO - ahr999 0.45: 23011.248067482586, ahr999 1.2: 37631.650945144094, ahr999x 0.45: 88815.52364073337
2022-07-11 00:37:50,758 - XXBTZUSD - INFO - buy Buy(order_size=0.0001, price=20719.2, userref=557420604, direction_of_trade='buy')
2022-07-11 00:37:50,818 - XXBTZUSD - INFO - traded: {'error': ['EOrder:Insufficient funds']}
2022-07-11 00:37:50,818 - XXBTZUSD - WARNING - XXBTZUSD trading error {'error': ['EOrder:Insufficient funds']}
2022-07-11 00:39:42,063 - XXBTZUSD - INFO - ------------------------- New case --------------------------------
2022-07-11 00:39:42,063 - XXBTZUSD - INFO - ask 20718.0
2022-07-11 00:39:42,063 - XXBTZUSD - INFO - bid 20717.9
2022-07-11 00:39:42,741 - XXBTZUSD - INFO - ahr999 0.45: 23011.248067482586, ahr999 1.2: 37631.650945144094, ahr999x 0.45: 88815.52364073337
2022-07-11 00:39:42,742 - XXBTZUSD - INFO - buy Buy(order_size=0.0001, price=20718.0, userref=1415049499, direction_of_trade='buy')
2022-07-11 00:39:42,807 - XXBTZUSD - INFO - traded: {'error': ['EOrder:Insufficient funds']}
2022-07-11 00:39:42,807 - XXBTZUSD - WARNING - XXBTZUSD trading error {'error': ['EOrder:Insufficient funds']}
2022-07-11 00:40:19,306 - XXBTZUSD - INFO - ------------------------- New case --------------------------------
2022-07-11 00:40:19,306 - XXBTZUSD - INFO - ask 20766.3
2022-07-11 00:40:19,306 - XXBTZUSD - INFO - bid 20766.2
2022-07-11 00:40:20,026 - XXBTZUSD - INFO - ahr999 0.45: 23011.248067482586, ahr999 1.2: 37631.650945144094, ahr999x 0.45: 88815.52364073337
2022-07-11 00:40:20,026 - XXBTZUSD - INFO - buy Buy(order_size=0.0001, price=20766.3, userref=430075991, direction_of_trade='buy')
2022-07-11 00:40:20,089 - XXBTZUSD - INFO - traded: {'error': ['EOrder:Insufficient funds']}
2022-07-11 00:40:20,089 - XXBTZUSD - WARNING - XXBTZUSD trading error {'error': ['EOrder:Insufficient funds']}
2022-07-11 00:45:26,212 - XXBTZUSD - INFO - ------------------------- New case --------------------------------
2022-07-11 00:45:26,213 - XXBTZUSD - INFO - ask 20768.1
2022-07-11 00:45:26,213 - XXBTZUSD - INFO - bid 20768.0
2022-07-11 00:45:27,015 - XXBTZUSD - INFO - ahr999 0.45: 23011.248067482586, ahr999 1.2: 37631.650945144094, ahr999x 0.45: 88815.52364073337
2022-07-11 00:45:27,016 - XXBTZUSD - INFO - buy Buy(order_size=0.0001, price=20768.1, userref=1374975518, direction_of_trade='buy')
2022-07-11 00:45:27,083 - XXBTZUSD - INFO - traded: {'error': ['EOrder:Insufficient funds']}
2022-07-11 00:45:27,083 - XXBTZUSD - WARNING - XXBTZUSD trading error {'error': ['EOrder:Insufficient funds']}
2022-07-11 00:49:21,195 - XXBTZUSD - INFO - ------------------------- New case --------------------------------
2022-07-11 00:49:21,196 - XXBTZUSD - INFO - ask 20802.6
2022-07-11 00:49:21,196 - XXBTZUSD - INFO - bid 20801.5
2022-07-11 00:49:21,859 - XXBTZUSD - INFO - ahr999 0.45: 23011.248067482586, ahr999 1.2: 37631.650945144094, ahr999x 0.45: 88815.52364073337
2022-07-11 00:49:21,859 - XXBTZUSD - INFO - buy Buy(order_size=0.0001, price=20802.6, userref=238162824, direction_of_trade='buy')
2022-07-11 00:49:21,918 - XXBTZUSD - INFO - traded: {'error': ['EOrder:Insufficient funds']}
2022-07-11 00:49:21,919 - XXBTZUSD - WARNING - XXBTZUSD trading error {'error': ['EOrder:Insufficient funds']}
