2022-07-11 05:09:02,936 - XXBTZUSD - INFO - ------------------------- New case --------------------------------
2022-07-11 05:09:03,133 - XXBTZUSD - INFO - ask 20529.5, bid 20529.4
2022-07-11 05:09:04,010 - XXBTZUSD - INFO - ahr999 0.45: 22962.788020433447, ahr999 1.2: 37552.25201930398, ahr999x 0.45: 88627.81138046904
2022-07-11 05:09:04,011 - XXBTZUSD - INFO - buy Buy(order_size=0.0001, price=20529.5, userref=570767431, direction_of_trade='buy')
2022-07-11 05:09:04,076 - XXBTZUSD - INFO - traded: {'error': ['EOrder:Insufficient funds']}
2022-07-11 05:09:04,076 - XXBTZUSD - WARNING - XXBTZUSD trading error {'error': ['EOrder:Insufficient funds']}
2022-07-11 05:19:53,224 - XXBTZUSD - INFO - ------------------------- New case --------------------------------
2022-07-11 05:19:53,418 - XXBTZUSD - INFO - ask 20478.9, bid 20478.4
2022-07-11 05:19:54,467 - XXBTZUSD - INFO - ahr999 0.45: 22962.786007325012, ahr999 1.2: 37552.248731897416, ahr999x 0.45: 88627.80363196092
2022-07-11 05:19:54,467 - XXBTZUSD - INFO - buy Buy(order_size=0.0001, price=20478.9, userref=-263886395, direction_of_trade='buy')
2022-07-11 05:20:04,774 - XXBTZUSD - INFO - ------------------------- New case --------------------------------
2022-07-11 05:20:04,921 - XXBTZUSD - INFO - ask 20478.5, bid 20478.4
2022-07-11 05:20:05,650 - XXBTZUSD - INFO - ahr999 0.45: 22962.786007325012, ahr999 1.2: 37552.248731897416, ahr999x 0.45: 88627.80363196092
2022-07-11 05:20:05,651 - XXBTZUSD - INFO - buy Buy(order_size=0.0001, price=20478.5, userref=1747047265, direction_of_trade='buy')
2022-07-11 05:20:05,728 - XXBTZUSD - INFO - traded: {'error': ['EOrder:Insufficient funds']}
2022-07-11 05:20:05,728 - XXBTZUSD - WARNING - XXBTZUSD trading error {'error': ['EOrder:Insufficient funds']}
2022-07-11 05:34:16,673 - XXBTZUSD - INFO - ------------------------- New case --------------------------------
2022-07-11 05:34:16,867 - XXBTZUSD - INFO - ask 20514.0, bid 20513.9
2022-07-11 05:34:17,738 - XXBTZUSD - INFO - ahr999 0.45: 22962.793475860562, ahr999 1.2: 37552.26092801777, ahr999x 0.45: 88627.8323785536
2022-07-11 05:34:17,738 - XXBTZUSD - INFO - buy Buy(order_size=0.0001, price=20514.0, userref=1787092430, direction_of_trade='buy')
2022-07-11 05:34:17,807 - XXBTZUSD - INFO - traded: {'error': ['EOrder:Insufficient funds']}
2022-07-11 05:34:17,807 - XXBTZUSD - WARNING - XXBTZUSD trading error {'error': ['EOrder:Insufficient funds']}
2022-07-11 05:34:31,894 - XXBTZUSD - INFO - ------------------------- New case --------------------------------
2022-07-11 05:34:32,025 - XXBTZUSD - INFO - ask 20514.0, bid 20513.9
2022-07-11 05:34:32,688 - XXBTZUSD - INFO - ahr999 0.45: 22962.793475860562, ahr999 1.2: 37552.26092801777, ahr999x 0.45: 88627.8323785536
2022-07-11 05:34:32,689 - XXBTZUSD - INFO - buy Buy(order_size=0.0001, price=20514.0, userref=755269393, direction_of_trade='buy')
2022-07-11 05:34:32,765 - XXBTZUSD - INFO - traded: {'error': ['EOrder:Insufficient funds']}
2022-07-11 05:34:32,765 - XXBTZUSD - WARNING - XXBTZUSD trading error {'error': ['EOrder:Insufficient funds']}
