2022-07-11 14:06:38,404 - BTCUSD - INFO - ------------------------- New case --------------------------------
2022-07-11 14:06:38,687 - BTCUSD - INFO - ask 20324.0, bid 20321.0
2022-07-11 14:06:39,827 - BTCUSD - INFO - ahr999 0.45: 22962.6740540225, ahr999 1.2: 37552.06591212744, ahr999x 0.45: 88627.37272071157
2022-07-11 14:06:39,827 - BTCUSD - INFO - buy Buy(order_size=0.0001, price=20324.0, userref=793764982, direction_of_trade='buy')
2022-07-11 14:08:11,377 - BTCUSD - INFO - ------------------------- New case --------------------------------
2022-07-11 14:08:11,599 - BTCUSD - INFO - ask 20372.0, bid 20368.0
2022-07-11 14:08:12,468 - BTCUSD - INFO - ahr999 0.45: 22962.6740540225, ahr999 1.2: 37552.06591212744, ahr999x 0.45: 88627.37272071157
2022-07-11 14:08:12,468 - BTCUSD - INFO - buy Buy(order_size=0.0001, price=20372.0, userref=497158258, direction_of_trade='buy')
2022-07-11 14:08:24,547 - BTCUSD - INFO - ------------------------- New case --------------------------------
2022-07-11 14:08:24,742 - BTCUSD - INFO - ask 20369.0, bid 20367.0
2022-07-11 14:08:25,415 - BTCUSD - INFO - ahr999 0.45: 22962.6740540225, ahr999 1.2: 37552.06591212744, ahr999x 0.45: 88627.37272071157
2022-07-11 14:08:25,415 - BTCUSD - INFO - buy Buy(order_size=0.0001, price=20369.0, userref=-948349404, direction_of_trade='buy')
2022-07-11 14:08:25,580 - BTCUSD - INFO - traded: {'success': True, 'result': []}
2022-07-11 14:13:02,197 - BTCUSD - INFO - ------------------------- New case --------------------------------
2022-07-11 14:13:02,445 - BTCUSD - INFO - ask 20411.0, bid 20410.0
2022-07-11 14:13:03,310 - BTCUSD - INFO - ahr999 0.45: 22962.6740540225, ahr999 1.2: 37552.06591212744, ahr999x 0.45: 88627.37272071157
2022-07-11 14:13:03,310 - BTCUSD - INFO - buy Buy(order_size=0.0001, price=20411.0, userref=1460975519, direction_of_trade='buy')
2022-07-11 14:13:03,476 - BTCUSD - INFO - traded: {'success': True, 'result': []}
2022-07-11 14:13:03,476 - BTCUSD - INFO - sleep 19.255660377358492 minutes
2022-07-11 14:38:52,731 - BTCUSD - INFO - ------------------------- New case --------------------------------
2022-07-11 14:39:21,606 - BTCUSD - INFO - ------------------------- New case --------------------------------
2022-07-11 14:41:25,375 - BTCUSD - INFO - ------------------------- New case --------------------------------
2022-07-11 14:41:25,611 - BTCUSD - INFO - ask 20444.0, bid 20442.0
2022-07-11 14:41:26,685 - BTCUSD - INFO - ahr999 0.45: 22962.730869264436, ahr999 1.2: 37552.15869143121, ahr999x 0.45: 88627.59140409417
2022-07-11 14:41:26,686 - BTCUSD - INFO - buy Buy(order_size=0.0001, price=20444.0, userref=2138517548, direction_of_trade='buy')
2022-07-11 14:43:27,241 - BTCUSD - INFO - ------------------------- New case --------------------------------
2022-07-11 14:43:27,428 - BTCUSD - INFO - ask 20428.0, bid 20424.0
2022-07-11 14:43:28,248 - BTCUSD - INFO - ahr999 0.45: 22962.730869264436, ahr999 1.2: 37552.15869143121, ahr999x 0.45: 88627.59140409417
2022-07-11 14:43:28,249 - BTCUSD - INFO - buy Buy(order_size=0.0001, price=20428.0, userref=-298446754, direction_of_trade='buy')
