2022-07-12 03:02:46,340 - BTCUSD - INFO - ------------------------- New case --------------------------------
2022-07-12 03:02:46,614 - BTCUSD - INFO - ask 19937.0, bid 19934.0
2022-07-12 03:02:47,650 - BTCUSD - INFO - ahr999 0.45: 22910.05531126447, ahr999 1.2: 37465.85946739545, ahr999x 0.45: 88423.57976624144
2022-07-12 03:02:47,650 - BTCUSD - INFO - buy Buy(order_size=0.0001, price=19937.0, userref=1506921828, direction_of_trade='buy')
2022-07-12 03:03:13,922 - BTCUSD - INFO - ------------------------- New case --------------------------------
2022-07-12 03:03:14,126 - BTCUSD - INFO - ask 19935.0, bid 19932.0
2022-07-12 03:03:14,850 - BTCUSD - INFO - ahr999 0.45: 22910.05531126447, ahr999 1.2: 37465.85946739545, ahr999x 0.45: 88423.57976624144
2022-07-12 03:03:14,851 - BTCUSD - INFO - buy Buy(order_size=0.0001, price=19935.0, userref=529281824, direction_of_trade='buy')
2022-07-12 03:04:57,729 - BTCUSD - INFO - ------------------------- New case --------------------------------
2022-07-12 03:04:58,128 - BTCUSD - INFO - ask 19925.0, bid 19924.0
2022-07-12 03:04:58,972 - BTCUSD - INFO - ahr999 0.45: 22910.05531126447, ahr999 1.2: 37465.85946739545, ahr999x 0.45: 88423.57976624144
2022-07-12 03:04:58,972 - BTCUSD - INFO - buy Buy(order_size=0.0001, price=19925.0, userref=-869462966, direction_of_trade='buy')
2022-07-12 03:07:19,358 - BTCUSD - INFO - ------------------------- New case --------------------------------
2022-07-12 03:07:19,733 - BTCUSD - INFO - ask 19912.0, bid 19909.0
2022-07-12 03:07:20,821 - BTCUSD - INFO - ahr999 0.45: 22910.05531126447, ahr999 1.2: 37465.85946739545, ahr999x 0.45: 88423.57976624144
2022-07-12 03:07:20,821 - BTCUSD - INFO - buy Buy(order_size=0.0001, price=19912.0, userref=1853924583, direction_of_trade='buy')
2022-07-12 03:10:55,362 - BTCUSD - INFO - ------------------------- New case --------------------------------
2022-07-12 03:10:55,866 - BTCUSD - INFO - ask 19924.0, bid 19923.0
2022-07-12 03:10:56,795 - BTCUSD - INFO - ahr999 0.45: 22910.05531126447, ahr999 1.2: 37465.85946739545, ahr999x 0.45: 88423.57976624144
2022-07-12 03:10:56,796 - BTCUSD - INFO - buy Buy(order_size=0.0001, price=19924.0, userref=-891107987, direction_of_trade='buy')
2022-07-12 03:11:23,888 - BTCUSD - INFO - ------------------------- New case --------------------------------
2022-07-12 03:11:51,803 - BTCUSD - INFO - ------------------------- New case --------------------------------
2022-07-12 03:11:52,010 - BTCUSD - INFO - ask 19925.0, bid 19924.0
2022-07-12 03:11:53,123 - BTCUSD - INFO - ahr999 0.45: 22910.05531126447, ahr999 1.2: 37465.85946739545, ahr999x 0.45: 88423.57976624144
2022-07-12 03:11:53,123 - BTCUSD - INFO - buy Buy(order_size=0.0001, price=19925.0, userref=669659609, direction_of_trade='buy')
2022-07-12 03:12:56,477 - BTCUSD - INFO - ------------------------- New case --------------------------------
2022-07-12 03:12:56,680 - BTCUSD - INFO - ask 19922.0, bid 19920.0
2022-07-12 03:12:57,878 - BTCUSD - INFO - ahr999 0.45: 22910.05531126447, ahr999 1.2: 37465.85946739545, ahr999x 0.45: 88423.57976624144
2022-07-12 03:12:57,878 - BTCUSD - INFO - buy Buy(order_size=0.0001, price=19922.0, userref=931396858, direction_of_trade='buy')
2022-07-12 03:13:33,638 - BTCUSD - INFO - ------------------------- New case --------------------------------
2022-07-12 03:13:33,856 - BTCUSD - INFO - ask 19922.0, bid 19919.0
2022-07-12 03:13:34,650 - BTCUSD - INFO - ahr999 0.45: 22910.05531126447, ahr999 1.2: 37465.85946739545, ahr999x 0.45: 88423.57976624144
2022-07-12 03:13:34,650 - BTCUSD - INFO - buy Buy(order_size=0.0001, price=19922.0, userref=-766154192, direction_of_trade='buy')
