2022-07-10 16:25:45,016 - XXBTZUSD - INFO - ------------------------- New case --------------------------------
2022-07-10 16:25:45,016 - XXBTZUSD - INFO - ZUSD 0.0060
2022-07-10 16:25:45,016 - XXBTZUSD - INFO - ask 20752.4
2022-07-10 16:25:45,016 - XXBTZUSD - INFO - bid 20752.3
2022-07-10 16:25:46,962 - XXBTZUSD - INFO - ahr999 0.45: 23011.21312762002, ahr999 1.2: 37631.59388833874, ahr999x 0.45: 88815.38915626502
2022-07-10 16:25:46,962 - XXBTZUSD - INFO - buy Buy(order_size=4.81871976253349e-09, price=20752.4, userref='1657470346962', direction_of_trade='buy')
2022-07-10 16:25:46,962 - XXBTZUSD - INFO - Not enough funds to buy XXBTZUSD or trade vol too small
2022-07-10 16:52:34,215 - XXBTZUSD - INFO - ------------------------- New case --------------------------------
2022-07-10 16:52:34,215 - XXBTZUSD - INFO - ZUSD 0.0060
2022-07-10 16:52:34,216 - XXBTZUSD - INFO - ask 20912.1
2022-07-10 16:52:34,216 - XXBTZUSD - INFO - bid 20911.3
2022-07-10 16:52:35,379 - XXBTZUSD - INFO - ahr999 0.45: 23011.3074847962, ahr999 1.2: 37631.747973633865, ahr999x 0.45: 88815.75233956747
2022-07-10 16:52:35,379 - XXBTZUSD - INFO - buy Buy(order_size=0.0001, price=20912.1, userref='1657471955379', direction_of_trade='buy')
2022-07-10 16:52:35,379 - XXBTZUSD - INFO - Not enough funds to buy XXBTZUSD or trade vol too small
2022-07-10 16:52:35,380 - XXBTZUSD - INFO - ask 20912.1
2022-07-10 16:52:35,380 - XXBTZUSD - INFO - bid 20911.3
2022-07-10 16:52:36,053 - XXBTZUSD - INFO - ahr999 0.45: 23011.3074847962, ahr999 1.2: 37631.747973633865, ahr999x 0.45: 88815.75233956747
2022-07-10 16:52:36,053 - XXBTZUSD - INFO - buy Buy(order_size=0.0001, price=20912.1, userref='1657471956053', direction_of_trade='buy')
2022-07-10 16:52:36,054 - XXBTZUSD - INFO - Not enough funds to buy XXBTZUSD or trade vol too small
2022-07-10 16:52:36,054 - XXBTZUSD - INFO - ask 20912.1
2022-07-10 16:52:36,054 - XXBTZUSD - INFO - bid 20911.3
2022-07-10 16:52:36,726 - XXBTZUSD - INFO - ahr999 0.45: 23011.3074847962, ahr999 1.2: 37631.747973633865, ahr999x 0.45: 88815.75233956747
2022-07-10 16:52:36,726 - XXBTZUSD - INFO - buy Buy(order_size=0.0001, price=20912.1, userref='1657471956726', direction_of_trade='buy')
2022-07-10 16:52:36,726 - XXBTZUSD - INFO - Not enough funds to buy XXBTZUSD or trade vol too small
2022-07-10 16:52:36,726 - XXBTZUSD - INFO - ask 20912.1
2022-07-10 16:52:36,726 - XXBTZUSD - INFO - bid 20911.3
2022-07-10 16:52:37,356 - XXBTZUSD - INFO - ahr999 0.45: 23011.3074847962, ahr999 1.2: 37631.747973633865, ahr999x 0.45: 88815.75233956747
2022-07-10 16:52:37,357 - XXBTZUSD - INFO - buy Buy(order_size=0.0001, price=20912.1, userref='1657471957357', direction_of_trade='buy')
2022-07-10 16:52:37,357 - XXBTZUSD - INFO - Not enough funds to buy XXBTZUSD or trade vol too small
2022-07-10 16:52:37,357 - XXBTZUSD - INFO - ask 20912.1
2022-07-10 16:52:37,357 - XXBTZUSD - INFO - bid 20911.3
2022-07-10 16:52:38,059 - XXBTZUSD - INFO - ahr999 0.45: 23011.3074847962, ahr999 1.2: 37631.747973633865, ahr999x 0.45: 88815.75233956747
2022-07-10 16:52:38,060 - XXBTZUSD - INFO - buy Buy(order_size=0.0001, price=20912.1, userref='1657471958060', direction_of_trade='buy')
2022-07-10 16:52:38,060 - XXBTZUSD - INFO - Not enough funds to buy XXBTZUSD or trade vol too small
2022-07-10 16:52:38,060 - XXBTZUSD - INFO - ask 20912.1
2022-07-10 16:52:38,060 - XXBTZUSD - INFO - bid 20911.3
